1620408055574	geckodriver	INFO	Listening on 127.0.0.1:49605
1620408058621	mozrunner::runner	INFO	Running command: "C:\\Program Files\\Mozilla Firefox\\firefox.exe" "--marionette" "-foreground" "-no-remote" "-profile" "C:\\Users\\Milia\\AppData\\Local\\Temp\\rust_mozprofile4bCjk7"
1620408059116	Marionette	INFO	Marionette enabled
console.warn: SearchSettings: "get: No settings file exists, new profile?" (new Error("", "(unknown module)"))
1620408062023	Marionette	INFO	Listening on port 49615
1620408062329	Marionette	WARN	TLS certificate errors will be ignored for this session

###!!! [Child][RunMessage] Error: Channel closing: too late to send/recv, messages will be lost

1620408386030	Marionette	INFO	Stopped listening on port 49615

###!!! [Child][RunMessage] Error: Channel closing: too late to send/recv, messages will be lost

zprofileJhbF7i"
1620408133195	Marionette	INFO	Marionette enabled
console.warn: SearchSettings: "get: No settings file exists, new profile?" (new Error("", "(unknown module)"))
1620408136794	Marionette	INFO	Listening on port 49715
1620408136916	Marionette	WARN	TLS certificate errors will be ignored for this session
1620408388616	Marionette	INFO	Stopped listening on port 49715

###!!! [Child][RunMessage] Error: Channel closing: too late to send/recv, messages will be lost

"--marionette" "-foreground" "-no-remote" "-profile" "C:\\Users\\Milia\\AppData\\Local\\Temp\\rust_mozprofile1MXM6o"
1620408183851	Marionette	INFO	Marionette enabled
console.warn: SearchSettings: "get: No settings file exists, new profile?" (new Error("", "(unknown module)"))
1620408189132	Marionette	INFO	Listening on port 49809
1620408189209	Marionette	WARN	TLS certificate errors will be ignored for this session
console.error: "Could not find engine to update"
console.error: "Could not find engine to update"
console.error: "Could not find engine to update"
console.error: "Could not find engine to update"
1620408429727	Marionette	INFO	Stopped listening on port 49809

###!!! [Child][RunMessage] Error: Channel closing: too late to send/recv, messages will be lost

t: No settings file exists, new profile?" (new Error("", "(unknown module)"))
1620408231402	Marionette	INFO	Listening on port 49891
1620408231512	Marionette	WARN	TLS certificate errors will be ignored for this session
Marionette threw an error: NotFoundError: WindowGlobalParent.getActor: No such JSWindowActor 'MarionetteCommands'
getMarionetteCommandsActorProxy/get/<@chrome://marionette/content/actors/MarionetteCommandsParent.jsm:327:69
unregisterCommandsActor@chrome://marionette/content/actors/MarionetteCommandsParent.jsm:390:15
GeckoDriver.prototype.deleteSession@chrome://marionette/content/driver.js:2335:3
onClosed@chrome://marionette/content/server.js:194:17
close@chrome://marionette/content/transport.js:225:18
onInputStreamReady@chrome://marionette/content/transport.js:379:14

JavaScript error: resource://gre/modules/UrlClassifierListManager.jsm, line 691: TypeError: this.tablesData[table] is undefined
JavaScript error: resource://gre/modules/AsyncShutdown.jsm, line 575: NotFoundError: No such JSWindowActor 'MarionetteEvents'
JavaScript error: resource://gre/modules/AsyncShutdown.jsm, line 575: NotFoundError: No such JSWindowActor 'MarionetteCommands'
JavaScript error: resource://gre/modules/Sqlite.jsm, line 1030: Error: Sqlite.jsm has been shutdown. Cannot open connection to: C:\Users\Milia\AppData\Local\Temp\rust_mozprofileG6QhL9\protections.sqlite
1620408233177	Marionette	INFO	Stopped listening on port 49891

###!!! [Child][RunMessage] Error: Channel closing: too late to send/recv, messages will be lost

1620408273532	geckodriver	INFO	Listening on 127.0.0.1:49980
1620408276569	mozrunner::runner	INFO	Running command: "C:\\Program Files\\Mozilla Firefox\\firefox.exe" "--marionette" "-foreground" "-no-remote" "-profile" "C:\\Users\\Milia\\AppData\\Local\\Temp\\rust_mozprofileDmzbgS"
1620408277097	Marionette	INFO	Marionette enabled
console.warn: SearchSettings: "get: No settings file exists, new profile?" (new Error("", "(unknown module)"))
1620408280371	Marionette	INFO	Listening on port 49989
1620408280796	Marionette	WARN	TLS certificate errors will be ignored for this session
[Child 31460, IPC I/O Child] WARNING: pipe error: 232: file /builds/worker/checkouts/gecko/ipc/chromium/src/chrome/common/ipc_channel_win.cc:544
1620408298560	Marionette	INFO	Stopped listening on port 49989

###!!! [Child][RunMessage] Error: Channel closing: too late to send/recv, messages will be lost

1620408325172	geckodriver	INFO	Listening on 127.0.0.1:50127
1620408328215	mozrunner::runner	INFO	Running command: "C:\\Program Files\\Mozilla Firefox\\firefox.exe" "--marionette" "-foreground" "-no-remote" "-profile" "C:\\Users\\Milia\\AppData\\Local\\Temp\\rust_mozprofileR95CO8"
1620408328828	Marionette	INFO	Marionette enabled
console.warn: SearchSettings: "get: No settings file exists, new profile?" (new Error("", "(unknown module)"))
1620408332731	Marionette	INFO	Listening on port 50136
1620408332801	Marionette	WARN	TLS certificate errors will be ignored for this session
1620408390417	Marionette	INFO	Stopped listening on port 50136
0408360386	mozrunner::runner	INFO	Running command: "C:\\Program Files\\Mozilla Firefox\\firefox.exe" "--marionette" "-foreground" "-no-remote" "-profile" "C:\\Users\\Milia\\AppData\\Local\\Temp\\rust_mozprofileAzrzwd"
1620408360931	Marionette	INFO	Marionette enabled
console.warn: SearchSettings: "get: No settings file exists, new profile?" (new Error("", "(unknown module)"))
1620408364086	Marionette	INFO	Listening on port 50208
1620408364588	Marionette	WARN	TLS certificate errors will be ignored for this session

###!!! [Child][MessageChannel] Error: (msgtype=0x5B0009,name=PHttpChannel::Msg_DeletingChannel) Channel closing: too late to send/recv, messages will be lost

1620408382330	Marionette	INFO	Stopped listening on port 50208

###!!! [Child][RunMessage] Error: Channel closing: too late to send/recv, messages will be lost

1620410436708	geckodriver	INFO	Listening on 127.0.0.1:50749
1620410439761	mozrunner::runner	INFO	Running command: "C:\\Program Files\\Mozilla Firefox\\firefox.exe" "--marionette" "-foreground" "-no-remote" "-profile" "C:\\Users\\Milia\\AppData\\Local\\Temp\\rust_mozprofile5eRjX4"
1620410440204	Marionette	INFO	Marionette enabled
console.warn: SearchSettings: "get: No settings file exists, new profile?" (new Error("", "(unknown module)"))
1620410443266	Marionette	INFO	Listening on port 50757
1620410443454	Marionette	WARN	TLS certificate errors will be ignored for this session
1620410448377	Marionette	INFO	Stopped listening on port 50757

###!!! [Child][RunMessage] Error: Channel closing: too late to send/recv, messages will be lost

1620410493917	geckodriver	INFO	Listening on 127.0.0.1:50813
1620410497009	mozrunner::runner	INFO	Running command: "C:\\Program Files\\Mozilla Firefox\\firefox.exe" "--marionette" "-foreground" "-no-remote" "-profile" "C:\\Users\\Milia\\AppData\\Local\\Temp\\rust_mozprofileqQUNox"
1620410497463	Marionette	INFO	Marionette enabled
console.warn: SearchSettings: "get: No settings file exists, new profile?" (new Error("", "(unknown module)"))
1620410500403	Marionette	INFO	Listening on port 50821
1620410500706	Marionette	WARN	TLS certificate errors will be ignored for this session
1620410548454	Marionette	INFO	Stopped listening on port 50821

###!!! [Child][RunMessage] Error: Channel closing: too late to send/recv, messages will be lost

1620410605643	geckodriver	INFO	Listening on 127.0.0.1:50885
1620410608673	mozrunner::runner	INFO	Running command: "C:\\Program Files\\Mozilla Firefox\\firefox.exe" "--marionette" "-foreground" "-no-remote" "-profile" "C:\\Users\\Milia\\AppData\\Local\\Temp\\rust_mozprofile14u2i7"
1620410609131	Marionette	INFO	Marionette enabled
console.warn: SearchSettings: "get: No settings file exists, new profile?" (new Error("", "(unknown module)"))
1620410611999	Marionette	INFO	Listening on port 50893
1620410612357	Marionette	WARN	TLS certificate errors will be ignored for this session
JavaScript error: , line 0: NS_ERROR_NOT_AVAILABLE

###!!! [Child][RunMessage] Error: Channel closing: too late to send/recv, messages will be lost

1620412666963	Marionette	INFO	Stopped listening on port 50893

###!!! [Child][RunMessage] Error: Channel closing: too late to send/recv, messages will be lost

1620413070421	geckodriver	INFO	Listening on 127.0.0.1:51225
1620413073488	mozrunner::runner	INFO	Running command: "C:\\Program Files\\Mozilla Firefox\\firefox.exe" "--marionette" "-foreground" "-no-remote" "-profile" "C:\\Users\\Milia\\AppData\\Local\\Temp\\rust_mozprofilerdrkQ2"
1620413074013	Marionette	INFO	Marionette enabled
console.warn: SearchSettings: "get: No settings file exists, new profile?" (new Error("", "(unknown module)"))
1620413077080	Marionette	INFO	Listening on port 51233
1620413077194	Marionette	WARN	TLS certificate errors will be ignored for this session
Marionette threw an error: TypeError: browsingContextFn().currentWindowGlobal is null
getMarionetteCommandsActorProxy/get/<@chrome://marionette/content/actors/MarionetteCommandsParent.jsm:327:29

1620413087938	Marionette	INFO	Stopped listening on port 51233

###!!! [Child][RunMessage] Error: Channel closing: too late to send/recv, messages will be lost

1620413121094	geckodriver	INFO	Listening on 127.0.0.1:51287
1620413124118	mozrunner::runner	INFO	Running command: "C:\\Program Files\\Mozilla Firefox\\firefox.exe" "--marionette" "-foreground" "-no-remote" "-profile" "C:\\Users\\Milia\\AppData\\Local\\Temp\\rust_mozprofilem88eEH"
1620413124582	Marionette	INFO	Marionette enabled
console.warn: SearchSettings: "get: No settings file exists, new profile?" (new Error("", "(unknown module)"))
1620413127692	Marionette	INFO	Listening on port 51295
1620413127829	Marionette	WARN	TLS certificate errors will be ignored for this session

###!!! [Child][RunMessage] Error: Channel closing: too late to send/recv, messages will be lost

1620413394175	Marionette	INFO	Stopped listening on port 51295
"--marionette" "-foreground" "-no-remote" "-profile" "C:\\Users\\Milia\\AppData\\Local\\Temp\\rust_mozprofile1m9yId"
1620413161434	Marionette	INFO	Marionette enabled
console.warn: SearchSettings: "get: No settings file exists, new profile?" (new Error("", "(unknown module)"))
1620413166459	Marionette	INFO	Listening on port 51373
1620413166849	Marionette	WARN	TLS certificate errors will be ignored for this session
1620413397041	Marionette	INFO	Stopped listening on port 51373

###!!! [Child][RunMessage] Error: Channel closing: too late to send/recv, messages will be lost

"--marionette" "-foreground" "-no-remote" "-profile" "C:\\Users\\Milia\\AppData\\Local\\Temp\\rust_mozprofilezIzq1W"
1620413204909	Marionette	INFO	Marionette enabled
console.warn: SearchSettings: "get: No settings file exists, new profile?" (new Error("", "(unknown module)"))
1620413208085	Marionette	INFO	Listening on port 51445
1620413208549	Marionette	WARN	TLS certificate errors will be ignored for this session
1620413269026	Marionette	INFO	Stopped listening on port 51445

###!!! [Child][RunMessage] Error: Channel closing: too late to send/recv, messages will be lost

"--marionette" "-foreground" "-no-remote" "-profile" "C:\\Users\\Milia\\AppData\\Local\\Temp\\rust_mozprofileINPxr2"
1620413239320	Marionette	INFO	Marionette enabled
console.warn: SearchSettings: "get: No settings file exists, new profile?" (new Error("", "(unknown module)"))
1620413242590	Marionette	INFO	Listening on port 51515
1620413242962	Marionette	WARN	TLS certificate errors will be ignored for this session
1620413255857	Marionette	INFO	Stopped listening on port 51515

###!!! [Child][RunMessage] Error: Channel closing: too late to send/recv, messages will be lost

1620413305377	geckodriver	INFO	Listening on 127.0.0.1:51578
1620413308440	mozrunner::runner	INFO	Running command: "C:\\Program Files\\Mozilla Firefox\\firefox.exe" "--marionette" "-foreground" "-no-remote" "-profile" "C:\\Users\\Milia\\AppData\\Local\\Temp\\rust_mozprofile8kdVSU"
1620413309035	Marionette	INFO	Marionette enabled
console.warn: SearchSettings: "get: No settings file exists, new profile?" (new Error("", "(unknown module)"))
1620413311907	Marionette	INFO	Listening on port 51587
1620413312140	Marionette	WARN	TLS certificate errors will be ignored for this session
JavaScript error: , line 0: NS_ERROR_NOT_AVAILABLE
console.error: "Could not find engine to update"
console.error: "Could not find engine to update"
console.error: "Could not find engine to update"
console.error: "Could not find engine to update"
[Parent 24244, IPC I/O Parent] WARNING: file /builds/worker/checkouts/gecko/ipc/chromium/src/base/process_util_win.cc:167
1620493210011	Marionette	INFO	Stopped listening on port 51587

###!!! [Child][RunMessage] Error: Channel closing: too late to send/recv, messages will be lost

1620672397796	geckodriver	INFO	Listening on 127.0.0.1:52589
1620672400845	mozrunner::runner	INFO	Running command: "C:\\Program Files\\Mozilla Firefox\\firefox.exe" "--marionette" "-foreground" "-no-remote" "-profile" "C:\\Users\\Milia\\AppData\\Local\\Temp\\rust_mozprofilemWv7Ry"
1620672401421	Marionette	INFO	Marionette enabled
console.warn: SearchSettings: "get: No settings file exists, new profile?" (new Error("", "(unknown module)"))
1620672405133	Marionette	INFO	Listening on port 52599
1620672405161	Marionette	WARN	TLS certificate errors will be ignored for this session
JavaScript error: , line 0: NetworkError: A network error occurred.

###!!! [Child][RunMessage] Error: Channel closing: too late to send/recv, messages will be lost

1620672457997	Marionette	INFO	Stopped listening on port 52599

###!!! [Child][RunMessage] Error: Channel closing: too late to send/recv, messages will be lost

1620674776614	geckodriver	INFO	Listening on 127.0.0.1:53954
1620674779674	mozrunner::runner	INFO	Running command: "C:\\Program Files\\Mozilla Firefox\\firefox.exe" "--marionette" "-foreground" "-no-remote" "-profile" "C:\\Users\\Milia\\AppData\\Local\\Temp\\rust_mozprofilenBVeb9"
1620674780178	Marionette	INFO	Marionette enabled
console.warn: SearchSettings: "get: No settings file exists, new profile?" (new Error("", "(unknown module)"))
1620674783483	Marionette	INFO	Listening on port 53963
1620674783874	Marionette	WARN	TLS certificate errors will be ignored for this session
1620674810177	Marionette	INFO	Stopped listening on port 53963

###!!! [Child][RunMessage] Error: Channel closing: too late to send/recv, messages will be lost

1620675055022	geckodriver	INFO	Listening on 127.0.0.1:54143
1620675058109	mozrunner::runner	INFO	Running command: "C:\\Program Files\\Mozilla Firefox\\firefox.exe" "--marionette" "-foreground" "-no-remote" "-profile" "C:\\Users\\Milia\\AppData\\Local\\Temp\\rust_mozprofileYb7gHD"
1620675058594	Marionette	INFO	Marionette enabled
console.warn: SearchSettings: "get: No settings file exists, new profile?" (new Error("", "(unknown module)"))
1620675061783	Marionette	INFO	Listening on port 54156
1620675062321	Marionette	WARN	TLS certificate errors will be ignored for this session
1620675550453	Marionette	INFO	Stopped listening on port 54156

###!!! [Child][RunMessage] Error: Channel closing: too late to send/recv, messages will be lost

"--marionette" "-foreground" "-no-remote" "-profile" "C:\\Users\\Milia\\AppData\\Local\\Temp\\rust_mozprofileRFYSmG"
1620675286946	Marionette	INFO	Marionette enabled
console.warn: SearchSettings: "get: No settings file exists, new profile?" (new Error("", "(unknown module)"))
1620675290255	Marionette	INFO	Listening on port 54322
1620675290671	Marionette	WARN	TLS certificate errors will be ignored for this session
1620675301686	Marionette	INFO	Stopped listening on port 54322

###!!! [Child][RunMessage] Error: Channel closing: too late to send/recv, messages will be lost

1620675334686	geckodriver	INFO	Listening on 127.0.0.1:54394
1620675337761	mozrunner::runner	INFO	Running command: "C:\\Program Files\\Mozilla Firefox\\firefox.exe" "--marionette" "-foreground" "-no-remote" "-profile" "C:\\Users\\Milia\\AppData\\Local\\Temp\\rust_mozprofiletiNSVx"
1620675338233	Marionette	INFO	Marionette enabled
console.warn: SearchSettings: "get: No settings file exists, new profile?" (new Error("", "(unknown module)"))
1620675341237	Marionette	INFO	Listening on port 54403
1620675341441	Marionette	WARN	TLS certificate errors will be ignored for this session

###!!! [Child][MessageChannel] Error: (msgtype=0x3A0155,name=PContent::Msg_InsertNewFocusActionId) Closed channel: cannot send/recv

1620676927412	geckodriver	INFO	Listening on 127.0.0.1:49895
1620676930459	mozrunner::runner	INFO	Running command: "C:\\Program Files\\Mozilla Firefox\\firefox.exe" "--marionette" "-foreground" "-no-remote" "-profile" "C:\\Users\\Milia\\AppData\\Local\\Temp\\rust_mozprofilebdxvYc"
1620676931707	Marionette	INFO	Marionette enabled
console.warn: SearchSettings: "get: No settings file exists, new profile?" (new Error("", "(unknown module)"))
1620676935894	Marionette	INFO	Listening on port 49903
1620676936322	Marionette	WARN	TLS certificate errors will be ignored for this session
console.log: "Already loaded reducer: extensionsSidebar"
console.log: "Already loaded reducer: objectInspector"
console.error: "Could not find engine to update"
console.error: "Could not find engine to update"
console.error: "Could not find engine to update"
console.error: "Could not find engine to update"
[Parent 12988, IPC I/O Parent] WARNING: file /builds/worker/checkouts/gecko/ipc/chromium/src/base/process_util_win.cc:167
1620677173889	Marionette	INFO	Stopped listening on port 49903

###!!! [Child][RunMessage] Error: Channel closing: too late to send/recv, messages 1620692095036	Marionette	INFO	Stopped listening on port 50061

###!!! [Child][RunMessage] Error: Channel closing: too late to send/recv, messages will be lost

x\\firefox.exe" "--marionette" "-foreground" "-no-remote" "-profile" "C:\\Users\\Milia\\AppData\\Local\\Temp\\rust_mozprofile3tgXJ3"
1620691085907	Marionette	INFO	Marionette enabled
console.warn: SearchSettings: "get: No settings file exists, new profile?" (new Error("", "(unknown module)"))
1620691088976	Marionette	INFO	Listening on port 50917
1620691089130	Marionette	WARN	TLS certificate errors will be ignored for this session

###!!! [Child][RunMessage] Error: Channel closing: too late to send/recv, messages will be lost

1620692066092	Marionette	INFO	Stopped listening on port 50917

###!!! [Child][RunMessage] Error: Channel closing: too late to send/recv, messages will be lost

1620701435820	geckodriver	INFO	Listening on 127.0.0.1:55707
1620701438886	mozrunner::runner	INFO	Running command: "C:\\Program Files\\Mozilla Firefox\\firefox.exe" "--marionette" "-foreground" "-no-remote" "-profile" "C:\\Users\\Milia\\AppData\\Local\\Temp\\rust_mozprofilextsymo"
1620701439339	Marionette	INFO	Marionette enabled
console.warn: SearchSettings: "get: No settings file exists, new profile?" (new Error("", "(unknown module)"))
1620701442465	Marionette	INFO	Listening on port 55715
1620701442608	Marionette	WARN	TLS certificate errors will be ignored for this session
JavaScript error: https://www.globalsqa.com/wp-content/cache/minify/72cc3.default.include.306296.js, line 1: ReferenceError: jQuery is not defined
JavaScript error: https://pagead2.googlesyndication.com/pagead/js/adsbygoogle.js, line 65: uncaught exception: TagError: adsbygoogle.push() error: Only one 'enable_page_level_ads' allowed per page.
JavaScript error: https://www.globalsqa.com/demo-site/select-dropdown-menu/, line 587: SyntaxError: expected expression, got '&'
Marionette threw an error: TypeError: browsingContextFn().currentWindowGlobal is null
getMarionetteCommandsActorProxy/get/<@chrome://marionette/content/actors/MarionetteCommandsParent.jsm:327:29

1620701454222	Marionette	INFO	Stopped listening on port 55715

###!!! [Child][RunMessage] Error: Channel closing: too late to send/recv, messages will be lost

1620702372837	geckodriver	INFO	Listening on 127.0.0.1:55868
1620702375938	mozrunner::runner	INFO	Running command: "C:\\Program Files\\Mozilla Firefox\\firefox.exe" "--marionette" "-foreground" "-no-remote" "-profile" "C:\\Users\\Milia\\AppData\\Local\\Temp\\rust_mozprofileGCNjVS"
1620702376394	Marionette	INFO	Marionette enabled
console.warn: SearchSettings: "get: No settings file exists, new profile?" (new Error("", "(unknown module)"))
1620702379414	Marionette	INFO	Listening on port 55876
1620702379625	Marionette	WARN	TLS certificate errors will be ignored for this session
JavaScript error: https://www.globalsqa.com/wp-content/cache/minify/72cc3.default.include.306296.js, line 1: ReferenceError: jQuery is not defined
JavaScript error: https://pagead2.googlesyndication.com/pagead/js/adsbygoogle.js, line 65: uncaught exception: TagError: adsbygoogle.push() error: Only one 'enable_page_level_ads' allowed per page.
JavaScript error: https://www.globalsqa.com/demo-site/select-dropdown-menu/, line 587: SyntaxError: expected expression, got '&'
JavaScript error: , line 0: NotFoundError: No such JSWindowActor 'MarionetteEvents'
1620702390254	Marionette	INFO	Stopped listening on port 55876

###!!! [Child][RunMessage] Error: Channel closing: too late to send/recv, messages will be lost

1620735950527	geckodriver	INFO	Listening on 127.0.0.1:57030
1620735953593	mozrunner::runner	INFO	Running command: "C:\\Program Files\\Mozilla Firefox\\firefox.exe" "--marionette" "-foreground" "-no-remote" "-profile" "C:\\Users\\Milia\\AppData\\Local\\Temp\\rust_mozprofileqdBpKj"
1620735954157	Marionette	INFO	Marionette enabled
console.warn: SearchSettings: "get: No settings file exists, new profile?" (new Error("", "(unknown module)"))
1620735957558	Marionette	INFO	Listening on port 57038
1620735957791	Marionette	WARN	TLS certificate errors will be ignored for this session
JavaScript error: https://www.globalsqa.com/wp-content/cache/minify/72cc3.default.include.306296.js, line 1: ReferenceError: jQuery is not defined
JavaScript error: https://pagead2.googlesyndication.com/pagead/js/adsbygoogle.js, line 65: uncaught exception: TagError: adsbygoogle.push() error: Only one 'enable_page_level_ads' allowed per page.
JavaScript error: https://www.globalsqa.com/demo-site/select-dropdown-menu/, line 587: SyntaxError: expected expression, got '&'
JavaScript error: resource://gre/modules/AsyncShutdown.jsm, line 718: Error: Phase "Sqlite.jsm: wait until all connections are closed" is finished, it is too late to register completion condition "protections.sqlite#0: waiting for shutdown"
1620736292546	Marionette	INFO	Stopped listening on port 57038

###!!! [Child][RunMessage] Error: Channel closing: too late to send/recv, messages will be lost

1620736757315	geckodriver	INFO	Listening on 127.0.0.1:57412
1620736760361	mozrunner::runner	INFO	Running command: "C:\\Program Files\\Mozilla Firefox\\firefox.exe" "--marionette" "-foreground" "-no-remote" "-profile" "C:\\Users\\Milia\\AppData\\Local\\Temp\\rust_mozprofileqw2Kuy"
1620736760955	Marionette	INFO	Marionette enabled
console.warn: SearchSettings: "get: No settings file exists, new profile?" (new Error("", "(unknown module)"))
1620736764281	Marionette	INFO	Listening on port 57421
1620736764562	Marionette	WARN	TLS certificate errors will be ignored for this session
JavaScript error: https://www.globalsqa.com/wp-content/cache/minify/72cc3.default.include.306296.js, line 1: ReferenceError: jQuery is not defined
JavaScript error: https://pagead2.googlesyndication.com/pagead/js/adsbygoogle.js, line 65: uncaught exception: TagError: adsbygoogle.push() error: Only one 'enable_page_level_ads' allowed per page.
JavaScript error: https://www.globalsqa.com/demo-site/select-dropdown-menu/, line 587: SyntaxError: expected expression, got '&'
1620736782671	Marionette	INFO	Stopped listening on port 57421

###!!! [Child][RunMessage] Error: Channel closing: too late to send/recv, messages will be lost

1620736873716	geckodriver	INFO	Listening on 127.0.0.1:57505
1620736876784	mozrunner::runner	INFO	Running command: "C:\\Program Files\\Mozilla Firefox\\firefox.exe" "--marionette" "-foreground" "-no-remote" "-profile" "C:\\Users\\Milia\\AppData\\Local\\Temp\\rust_mozprofileeH3MJg"
1620736877323	Marionette	INFO	Marionette enabled
console.warn: SearchSettings: "get: No settings file exists, new profile?" (new Error("", "(unknown module)"))
1620736880508	Marionette	INFO	Listening on port 57514
1620736880981	Marionette	WARN	TLS certificate errors will be ignored for this session
JavaScript error: https://www.globalsqa.com/wp-content/cache/minify/72cc3.default.include.306296.js, line 1: ReferenceError: jQuery is not defined
JavaScript error: https://www.globalsqa.com/demo-site/select-dropdown-menu/, line 587: SyntaxError: expected expression, got '&'
JavaScript error: https://pagead2.googlesyndication.com/pagead/js/adsbygoogle.js, line 215: uncaught exception: TagError: adsbygoogle.push() error: Only one 'enable_page_level_ads' allowed per page.
JavaScript error: , line 0: NS_ERROR_NOT_AVAILABLE
JavaScript error: , line 0: NotFoundError: Could not move source file(C:\Users\Milia\AppData\Local\Temp\rust_mozprofileeH3MJg\bookmarkbackups\bookmarks-2021-05-13_11_vX3WsKqTtyScEL9nIMtnVQ==.jsonlz4) because it does not exist
JavaScript error: , line 0: NS_ERROR_NOT_AVAILABLE
JavaScript error: , line 0: NS_ERROR_NOT_AVAILABLE
 exists, new profile?" (new Error("", "(unknown module)"))
1620737035648	Marionette	INFO	Listening on port 57665
1620737035980	Marionette	WARN	TLS certificate errors will be ignored for this session
JavaScript error: https://www.globalsqa.com/wp-content/cache/minify/72cc3.default.include.306296.js, line 1: ReferenceError: jQuery is not defined
JavaScript error: https://www.globalsqa.com/demo-site/select-dropdown-menu/, line 587: SyntaxError: expected expression, got '&'
JavaScript error: https://pagead2.googlesyndication.com/pagead/js/adsbygoogle.js, line 215: uncaught exception: TagError: adsbygoogle.push() error: Only one 'enable_page_level_ads' allowed per page.
1620737042631	Marionette	INFO	Stopped listening on port 57665

###!!! [Child][RunMessage] Error: Channel closing: too late to send/recv, messages will be lost

1620737213561	geckodriver	INFO	Listening on 127.0.0.1:57770
1620737216608	mozrunner::runner	INFO	Running command: "C:\\Program Files\\Mozilla Firefox\\firefox.exe" "--marionette" "-foreground" "-no-remote" "-profile" "C:\\Users\\Milia\\AppData\\Local\\Temp\\rust_mozprofiler6E3Vj"
1620737217126	Marionette	INFO	Marionette enabled
console.warn: SearchSettings: "get: No settings file exists, new profile?" (new Error("", "(unknown module)"))
1620737220318	Marionette	INFO	Listening on port 57778
1620737220852	Marionette	WARN	TLS certificate errors will be ignored for this session
JavaScript error: https://www.globalsqa.com/wp-content/cache/minify/72cc3.default.include.306296.js, line 1: ReferenceError: jQuery is not defined
JavaScript error: https://www.globalsqa.com/demo-site/select-dropdown-menu/, line 587: SyntaxError: expected expression, got '&'
JavaScript error: https://pagead2.googlesyndication.com/pagead/js/adsbygoogle.js, line 215: uncaught exception: TagError: adsbygoogle.push() error: Only one 'enable_page_level_ads' allowed per page.
JavaScript error: , line 0: NS_ERROR_NOT_AVAILABLE
JavaScript error: , line 0: NS_ERROR_NOT_AVAILABLE
JavaScript error: , line 0: NS_ERROR_NOT_AVAILABLE
JavaScript error: , line 0: NS_ERROR_NOT_AVAILABLE
1621533470192	geckodriver	INFO	Listening on 127.0.0.1:56578
1621533473312	mozrunner::runner	INFO	Running command: "C:\\Program Files\\Mozilla Firefox\\firefox.exe" "--marionette" "-foreground" "-no-remote" "-profile" "C:\\Users\\Milia\\AppData\\Local\\Temp\\rust_mozprofileiLGZwA"
1621533474170	Marionette	INFO	Marionette enabled
console.warn: SearchSettings: "get: No settings file exists, new profile?" (new Error("", "(unknown module)"))
1621533477611	Marionette	INFO	Listening on port 56586
1621533477652	Marionette	WARN	TLS certificate errors will be ignored for this session
1621533492163	Marionette	INFO	Stopped listening on port 56586

###!!! [Child][RunMessage] Error: Channel closing: too late to send/recv, messages will be lost

1622422158703	geckodriver	INFO	Listening on 127.0.0.1:51666
1622422161772	mozrunner::runner	INFO	Running command: "C:\\Program Files\\Mozilla Firefox\\firefox.exe" "--marionette" "-foreground" "-no-remote" "-profile" "C:\\Users\\Milia\\AppData\\Local\\Temp\\rust_mozprofilejfSoPl"
1622422162839	Marionette	INFO	Marionette enabled
console.warn: SearchSettings: "get: No settings file exists, new profile?" (new Error("", "(unknown module)"))
1622422166571	Marionette	INFO	Listening on port 51675
1622422166623	Marionette	WARN	TLS certificate errors will be ignored for this session
JavaScript error: , line 0: NS_ERROR_NOT_AVAILABLE
1622462530563	Marionette	INFO	Stopped listening on port 51675
2422934819	mozrunner::runner	INFO	Running command: "C:\\Program Files\\Mozilla Firefox\\firefox.exe" "--marionette" "-foreground" "-no-remote" "-profile" "C:\\Users\\Milia\\AppData\\Local\\Temp\\rust_mozprofileJpG9Mr"
1622422935424	Marionette	INFO	Marionette enabled
console.warn: SearchSettings: "get: No settings file exists, new profile?" (new Error("", "(unknown module)"))
1622422938875	Marionette	INFO	Listening on port 52223
1622422939026	Marionette	WARN	TLS certificate errors will be ignored for this session
JavaScript error: , line 0: NS_ERROR_NOT_AVAILABLE
1622462531812	Marionette	INFO	Stopped listening on port 52223
1622586885789	geckodriver	INFO	Listening on 127.0.0.1:63031
1622586888867	mozrunner::runner	INFO	Running command: "C:\\Program Files\\Mozilla Firefox\\firefox.exe" "--marionette" "-foreground" "-no-remote" "-profile" "C:\\Users\\Milia\\AppData\\Local\\Temp\\rust_mozprofileRTM5AW"
1622586889361	Marionette	INFO	Marionette enabled
console.warn: SearchSettings: "get: No settings file exists, new profile?" (new Error("", "(unknown module)"))
1622586892415	Marionette	INFO	Listening on port 63040
1622586892584	Marionette	WARN	TLS certificate errors will be ignored for this session
1622586896354	Marionette	WARN	Ignoring event 'pageshow' because document has an invalid readyState of 'uninitialized'.
console.warn: LoginRecipes: "getRecipes: falling back to a synchronous message for:" "https://www.youtube.com"
Extension error: TypeError: chrome.extension.sendMessage is not a function moz-extension://979ff773-7f32-4743-aae9-9654292d2a2f/devtools/devtools.js 27
[[Exception stack
handleShown@moz-extension://979ff773-7f32-4743-aae9-9654292d2a2f/devtools/devtools.js:27:20
Current stack
applySafeWithoutClone@resource://gre/modules/ExtensionCommon.jsm:622:13
addListener/asyncWithoutClone/<@resource://gre/modules/ExtensionCommon.jsm:2433:39
]]
WARNING: content window passed to PrivateBrowsingUtils.isWindowPrivate. Use isContentWindowPrivate instead (but only for frame scripts).
pbu_isWindowPrivate@resource://gre/modules/PrivateBrowsingUtils.jsm:27:11
isBrowserPrivate@resource://gre/modules/PrivateBrowsingUtils.jsm:47:19
loadURI@resource://gre/modules/RemoteWebNavigation.jsm:88:51
loadURI/<@chrome://global/content/elements/browser-custom-element.js:835:28
_wrapURIChangeCall@chrome://global/content/elements/browser-custom-element.js:766:9
loadURI@chrome://global/content/elements/browser-custom-element.js:834:12
createBrowserElement@chrome://browser/content/parent/ext-devtools-panels.js:88:18
Extension error: TypeError: allNode is undefined moz-extension://979ff773-7f32-4743-aae9-9654292d2a2f/devtools/devtools-script.js 104
[[Exception stack
showAllMatchingNode@moz-extension://979ff773-7f32-4743-aae9-9654292d2a2f/devtools/devtools-script.js:104:23
@moz-extension://979ff773-7f32-4743-aae9-9654292d2a2f/devtools/devtools-script.js:266:32
Current stack
applySafeWithoutClone@resource://gre/modules/ExtensionCommon.jsm:622:13
addListener/asyncWithoutClone/<@resource://gre/modules/ExtensionCommon.jsm:2433:39
]]
JavaScript error: moz-extension://979ff773-7f32-4743-aae9-9654292d2a2f/extension/background.js, line 54: Error: Promised response from onMessage listener went out of scope
JavaScript error: moz-extension://979ff773-7f32-4743-aae9-9654292d2a2f/extension/background.js, line 54: Error: Promised response from onMessage listener went out of scope
JavaScript error: moz-extension://979ff773-7f32-4743-aae9-9654292d2a2f/extension/background.js, line 54: Error: Promised response from onMessage listener went out of scope
JavaScript error: moz-extension://979ff773-7f32-4743-aae9-9654292d2a2f/extension/background.js, line 54: Error: Promised response from onMessage listener went out of scope
console.log: "Already loaded reducer: extensionsSidebar"
console.log: "Already loaded reducer: objectInspector"
Extension error: TypeError: chrome.extension.sendMessage is not a function moz-extension://979ff773-7f32-4743-aae9-9654292d2a2f/devtools/devtools.js 27
[[Exception stack
handleShown@moz-extension://979ff773-7f32-4743-aae9-9654292d2a2f/devtools/devtools.js:27:20
Current stack
applySafeWithoutClone@resource://gre/modules/ExtensionCommon.jsm:622:13
addListener/asyncWithoutClone/<@resource://gre/modules/ExtensionCommon.jsm:2433:39
]]
WARNING: content window passed to PrivateBrowsingUtils.isWindowPrivate. Use isContentWindowPrivate instead (but only for frame scripts).
pbu_isWindowPrivate@resource://gre/modules/PrivateBrowsingUtils.jsm:27:11
isBrowserPrivate@resource://gre/modules/PrivateBrowsingUtils.jsm:47:19
loadURI@resource://gre/modules/RemoteWebNavigation.jsm:88:51
loadURI/<@chrome://global/content/elements/browser-custom-element.js:835:28
_wrapURIChangeCall@chrome://global/content/elements/browser-custom-element.js:766:9
loadURI@chrome://global/content/elements/browser-custom-element.js:834:12
createBrowserElement@chrome://browser/content/parent/ext-devtools-panels.js:88:18
Extension error: TypeError: allNode is undefined moz-extension://979ff773-7f32-4743-aae9-9654292d2a2f/devtools/devtools-script.js 104
[[Exception stack
showAllMatchingNode@moz-extension://979ff773-7f32-4743-aae9-9654292d2a2f/devtools/devtools-script.js:104:23
@moz-extension://979ff773-7f32-4743-aae9-9654292d2a2f/devtools/devtools-script.js:266:32
Current stack
applySafeWithoutClone@resource://gre/modules/ExtensionCommon.jsm:622:13
addListener/asyncWithoutClone/<@resource://gre/modules/ExtensionCommon.jsm:2433:39
]]
WARNING: content window passed to PrivateBrowsingUtils.isWindowPrivate. Use isContentWindowPrivate instead (but only for frame scripts).
pbu_isWindowPrivate@resource://gre/modules/PrivateBrowsingUtils.jsm:27:11
initOpenItems@chrome://browser/content/nsContextMenu.js:404:48
initItems@chrome://browser/content/nsContextMenu.js:323:10
nsContextMenu@chrome://browser/content/nsContextMenu.js:171:10
onpopupshowing@chrome://browser/content/webext-panels.xhtml:1:119
openContextMenu@chrome://browser/content/nsContextMenu.js:94:9
receiveMessage@resource:///actors/ContextMenuParent.jsm:23:9
WARNING: content window passed to PrivateBrowsingUtils.isWindowPrivate. Use isContentWindowPrivate instead (but only for frame scripts).
pbu_isWindowPrivate@resource://gre/modules/PrivateBrowsingUtils.jsm:27:11
isBrowserPrivate@resource://gre/modules/PrivateBrowsingUtils.jsm:47:19
showAndFormatSearchContextItem@chrome://browser/content/nsContextMenu.js:2103:47
initMiscItems@chrome://browser/content/nsContextMenu.js:689:10
initItems@chrome://browser/content/nsContextMenu.js:327:10
nsContextMenu@chrome://browser/content/nsContextMenu.js:171:10
onpopupshowing@chrome://browser/content/webext-panels.xhtml:1:119
openContextMenu@chrome://browser/content/nsContextMenu.js:94:9
receiveMessage@resource:///actors/ContextMenuParent.jsm:23:9
JavaScript error: moz-extension://979ff773-7f32-4743-aae9-9654292d2a2f/extension/background.js, line 54: Error: Promised response from onMessage listener went out of scope
JavaScript error: moz-extension://979ff773-7f32-4743-aae9-9654292d2a2f/extension/background.js, line 54: Error: Promised response from onMessage listener went out of scope
JavaScript error: moz-extension://979ff773-7f32-4743-aae9-9654292d2a2f/extension/background.js, line 54: Error: Promised response from onMessage listener went out of scope
JavaScript error: moz-extension://979ff773-7f32-4743-aae9-9654292d2a2f/extension/background.js, line 54: Error: Promised response from onMessage listener went out of scope
console.warn: LoginRecipes: "getRecipes: falling back to a synchronous message for:" "https://www.youtube.com"
Extension error: TypeError: allNode is undefined moz-extension://979ff773-7f32-4743-aae9-9654292d2a2f/devtools/devtools-script.js 104
[[Exception stack
showAllMatchingNode@moz-extension://979ff773-7f32-4743-aae9-9654292d2a2f/devtools/devtools-script.js:104:23
@moz-extension://979ff773-7f32-4743-aae9-9654292d2a2f/devtools/devtools-script.js:266:32
Current stack
applySafeWithoutClone@resource://gre/modules/ExtensionCommon.jsm:622:13
addListener/asyncWithoutClone/<@resource://gre/modules/ExtensionCommon.jsm:2433:39
]]
JavaScript error: moz-extension://979ff773-7f32-4743-aae9-9654292d2a2f/extension/background.js, line 54: Error: Promised response from onMessage listener went out of scope
JavaScript error: moz-extension://979ff773-7f32-4743-aae9-9654292d2a2f/extension/background.js, line 54: Error: Promised response from onMessage listener went out of scope
JavaScript error: moz-extension://979ff773-7f32-4743-aae9-9654292d2a2f/extension/background.js, line 54: Error: Promised response from onMessage listener went out of scope
JavaScript error: moz-extension://979ff773-7f32-4743-aae9-9654292d2a2f/extension/background.js, line 54: Error: Promised response from onMessage listener went out of scope
JavaScript error: , line 0: NS_ERROR_NOT_AVAILABLE
JavaScript warning: https://d235vmrai5heq2.cloudfront.net/js/default/review.js?v=V3.1.60061, line 33: unreachable code after return statement
JavaScript warning: https://d235vmrai5heq2.cloudfront.net/js/default/review.js?v=V3.1.60061, line 33: unreachable code after return statement
JavaScript warning: https://d235vmrai5heq2.cloudfront.net/js/default/review.js?v=V3.1.60061, line 33: unreachable code after return statement
console.warn: LoginRecipes: "getRecipes: falling back to a synchronous message for:" "https://courses.letskodeit.com"
console.error: "Could not find engine to update"
console.error: "Could not find engine to update"
console.error: "Could not find engine to update"
console.error: "Could not find engine to update"
[Parent 3164, IPC I/O Parent] WARNING: file /builds/worker/checkouts/gecko/ipc/chromium/src/base/process_util_win.cc:167
JavaScript error: resource://devtools/shared/protocol/Front.js, line 99: Error: Connection closed, pending request to server0.conn0.child4/animationsActor11, type getAnimationPlayersForNode failed

Request stack:
request@resource://devtools/shared/protocol/Front.js:285:14
generateRequestMethods/</frontProto[name]@resource://devtools/shared/protocol/Front/FrontClassWithSpec.js:46:19
update@resource://devtools/client/inspector/animation/animation.js:729:38
onSidebarSelectionChanged@resource://devtools/client/inspector/animation/animation.js:422:18
_emit@resource://devtools/shared/event-emitter.js:226:34
emit@resource://devtools/shared/event-emitter.js:172:18
emit@resource://devtools/shared/event-emitter.js:324:18
handleSelectionChange@resource://devtools/client/inspector/toolsidebar.js:216:10
removeTab/<@resource://devtools/client/shared/components/tabs/TabBar.js:244:22
callCallback@resource://devtools/client/shared/vendor/react-dom.js:12127:12
commitUpdateEffects@resource://devtools/client/shared/vendor/react-dom.js:12166:19
commitUpdateQueue@resource://devtools/client/shared/vendor/react-dom.js:12154:22
commitLifeCycles@resource://devtools/client/shared/vendor/react-dom.js:12964:28
commitAllLifeCycles@resource://devtools/client/shared/vendor/react-dom.js:14174:23
commitRoot@resource://devtools/client/shared/vendor/react-dom.js:14380:28
completeRoot/<@resource://devtools/client/shared/vendor/react-dom.js:15731:15
unstable_runWithPriority@resource://devtools/client/shared/vendor/react.js:617:12
completeRoot@resource://devtools/client/shared/vendor/react-dom.js:15730:27
performWorkOnRoot@resource://devtools/client/shared/vendor/react-dom.js:15659:21
performWork@resource://devtools/client/shared/vendor/react-dom.js:15567:24
performSyncWork@resource://devtools/client/shared/vendor/react-dom.js:15541:14
requestWork@resource://devtools/client/shared/vendor/react-dom.js:15410:5
scheduleWork@resource://devtools/client/shared/vendor/react-dom.js:15224:16
enqueueSetState@resource://devtools/client/shared/vendor/react-dom.js:8192:17
Component.prototype.setState@resource://devtools/client/shared/vendor/react.js:328:16
removeTab@resource://devtools/client/shared/components/tabs/TabBar.js:235:10
removeTab@resource://devtools/client/inspector/toolsidebar.js:158:18
removeExtensionSidebar@resource://devtools/client/inspector/inspector.js:1205:18
unregisterInspectorExtensionSidebar@resource://devtools/client/framework/toolbox.js:2411:15
close@chrome://browser/content/parent/ext-devtools-panels.js:428:18
unload@resource://gre/modules/ExtensionCommon.jsm:912:11
unload@resource://gre/modules/ExtensionParent.jsm:528:11
unload@resource://gre/modules/ExtensionParent.jsm:609:11
unload@resource://gre/modules/ExtensionParent.jsm:728:11
shutdown@resource://gre/modules/ExtensionParent.jsm:520:10
shutdown@resource://gre/modules/ExtensionParent.jsm:615:11
shutdownExtension@resource://gre/modules/ExtensionParent.jsm:808:17
shutdown@resource://gre/modules/Extension.jsm:2738:22
shutdown@resource://gre/modules/Extension.jsm:1829:39
callBootstrapMethod@resource://gre/modules/addons/XPIProvider.jsm:1833:33
_shutdown@resource://gre/modules/addons/XPIProvider.jsm:1962:17
observe@resource://gre/modules/AsyncShutdown.jsm:575:16
confirmBrowserLanguageChange@chrome://browser/content/preferences/main.js:1153:24

1622689528875	Marionette	INFO	Stopped listening on port 63040

###!!! [Child][RunMessage] Error: Channel closing: too late to send/recv, messages will be lost

1622692376550	geckodriver	INFO	Listening on 127.0.0.1:62855
1622692379630	mozrunner::runner	INFO	Running command: "C:\\Program Files\\Mozilla Firefox\\firefox.exe" "--marionette" "-foreground" "-no-remote" "-profile" "C:\\Users\\Milia\\AppData\\Local\\Temp\\rust_mozprofile0pV3zC"
1622692382091	Marionette	INFO	Marionette enabled
console.warn: SearchSettings: "get: No settings file exists, new profile?" (new NotFoundError("Could not open the file at C:\\Users\\Milia\\AppData\\Local\\Temp\\rust_mozprofile0pV3zC\\search.json.mozlz4", (void 0)))
1622692391164	Marionette	INFO	Listening on port 62865
1622692391281	Marionette	WARN	TLS certificate errors will be ignored for this session
JavaScript warning: https://d235vmrai5heq2.cloudfront.net/js/default/review.js?v=V3.1.60061, line 33: unreachable code after return statement
JavaScript warning: https://d235vmrai5heq2.cloudfront.net/js/default/review.js?v=V3.1.60061, line 33: unreachable code after return statement
JavaScript warning: https://d235vmrai5heq2.cloudfront.net/js/default/review.js?v=V3.1.60061, line 33: unreachable code after return statement
JavaScript warning: https://d235vmrai5heq2.cloudfront.net/js/default/review.js?v=V3.1.60061, line 33: unreachable code after return statement
1622692405933	Marionette	INFO	Stopped listening on port 62865
